<?xml version="1.0" encoding="UTF-8"?>
<testng-results skipped="0" failed="0" ignored="0" total="2" passed="2">
  <reporter-output>
  </reporter-output>
  <suite name="Default suite" duration-ms="69885" started-at="2018-12-23T12:02:32Z" finished-at="2018-12-23T12:03:42Z">
    <groups>
    </groups>
    <test name="Default test" duration-ms="69885" started-at="2018-12-23T12:02:32Z" finished-at="2018-12-23T12:03:42Z">
      <class name="com.adx.qa.tests.DataProviderTest">
        <test-method status="PASS" signature="test(java.lang.String, java.lang.String)[pri:0, instance:com.adx.qa.tests.DataProviderTest@5c3bd550]" name="test" duration-ms="35000" started-at="2018-12-23T12:02:32Z" data-provider="authentication" finished-at="2018-12-23T12:03:07Z">
          <params>
            <param index="0">
              <value>
                <![CDATA[admin]]>
              </value>
            </param>
            <param index="1">
              <value>
                <![CDATA[admin]]>
              </value>
            </param>
          </params>
          <reporter-output>
          </reporter-output>
        </test-method> <!-- test -->
        <test-method status="PASS" signature="test(java.lang.String, java.lang.String)[pri:0, instance:com.adx.qa.tests.DataProviderTest@5c3bd550]" name="test" duration-ms="34804" started-at="2018-12-23T12:03:07Z" data-provider="authentication" finished-at="2018-12-23T12:03:42Z">
          <params>
            <param index="0">
              <value>
                <![CDATA[user]]>
              </value>
            </param>
            <param index="1">
              <value>
                <![CDATA[user]]>
              </value>
            </param>
          </params>
          <reporter-output>
          </reporter-output>
        </test-method> <!-- test -->
      </class> <!-- com.adx.qa.tests.DataProviderTest -->
    </test> <!-- Default test -->
  </suite> <!-- Default suite -->
</testng-results>
