<?xml version="1.0" encoding="UTF-8"?>
<!-- Generated by org.testng.reporters.JUnitXMLReporter -->
<testsuite hostname="L9AGL57" ignored="1" name="Command line test" tests="4" failures="2" timestamp="24 Dec 2018 07:10:30 GMT" time="0.055" errors="0">
  <testcase name="test" time="0.009" classname="com.adx.qa.tests.DataProviderTest">
    <failure type="java.lang.NullPointerException">
      <![CDATA[java.lang.NullPointerException
at com.adx.qa.base.PageGeneric.initialiaztion(PageGeneric.java:40)
at com.adx.qa.tests.DataProviderTest.test(DataProviderTest.java:24)
... Removed 35 stack frames]]>
    </failure>
  </testcase> <!-- test -->
  <testcase name="test" time="0.0" classname="com.adx.qa.tests.DataProviderTest">
    <failure type="java.lang.NullPointerException">
      <![CDATA[java.lang.NullPointerException
at com.adx.qa.base.PageGeneric.initialiaztion(PageGeneric.java:40)
at com.adx.qa.tests.DataProviderTest.test(DataProviderTest.java:24)
... Removed 35 stack frames]]>
    </failure>
  </testcase> <!-- test -->
  <testcase name="bus" time="0.0" classname="com.adx.qa.tests.SearchTest"/>
  <testcase name="car2" time="0.0" classname="com.adx.qa.tests.SearchTest"/>
  <testcase name="car1" time="0.0" classname="com.adx.qa.tests.SearchTest">
    <ignored/>
  </testcase> <!-- car1 -->
</testsuite> <!-- Command line test -->
