<?xml version="1.0" encoding="UTF-8" ?>
<testsuite tests="4" failures="2" name="TestSuite" time="0.01" errors="0" skipped="0">
  <properties>
[...]
</properties>
  <testcase classname="com.adx.qa.tests.DataProviderTest" name="test" time="0.01">
    <failure type="java.lang.NullPointerException">java.lang.NullPointerException
	at com.adx.qa.base.PageGeneric.initialiaztion(PageGeneric.java:40)
	at com.adx.qa.tests.DataProviderTest.test(DataProviderTest.java:24)
</failure>
    <system-out>Configuring TestNG with: org.apache.maven.surefire.testng.conf.TestNG652Configurator@7d4793a8
</system-out>
    <system-err>java.io.FileNotFoundException: C:\Users\eyyvrrl\workspace\ADXProject\src\main\java\com\adx\qa\envVariable\config.properties (The system cannot find the path specified)
	at java.io.FileInputStream.open0(Native Method)
	at java.io.FileInputStream.open(Unknown Source)
	at java.io.FileInputStream.&lt;init&gt;(Unknown Source)
	at java.io.FileInputStream.&lt;init&gt;(Unknown Source)
	at com.adx.qa.base.PageGeneric.&lt;init&gt;(PageGeneric.java:24)
	at com.adx.qa.tests.DataProviderTest.&lt;init&gt;(DataProviderTest.java:9)
	at sun.reflect.NativeConstructorAccessorImpl.newInstance0(Native Method)
	at sun.reflect.NativeConstructorAccessorImpl.newInstance(Unknown Source)
	at sun.reflect.DelegatingConstructorAccessorImpl.newInstance(Unknown Source)
	at java.lang.reflect.Constructor.newInstance(Unknown Source)
	at org.testng.internal.ObjectFactoryImpl.newInstance(ObjectFactoryImpl.java:24)
	at org.testng.internal.ClassHelper.createInstance1(ClassHelper.java:423)
	at org.testng.internal.ClassHelper.createInstance(ClassHelper.java:336)
	at org.testng.internal.ClassImpl.getDefaultInstance(ClassImpl.java:125)
	at org.testng.internal.ClassImpl.getInstances(ClassImpl.java:190)
	at org.testng.TestClass.getInstances(TestClass.java:95)
	at org.testng.TestClass.initTestClassesAndInstances(TestClass.java:81)
	at org.testng.TestClass.init(TestClass.java:73)
	at org.testng.TestClass.&lt;init&gt;(TestClass.java:38)
	at org.testng.TestRunner.initMethods(TestRunner.java:389)
	at org.testng.TestRunner.init(TestRunner.java:271)
	at org.testng.TestRunner.init(TestRunner.java:241)
	at org.testng.TestRunner.&lt;init&gt;(TestRunner.java:167)
	at org.testng.SuiteRunner$DefaultTestRunnerFactory.newTestRunner(SuiteRunner.java:663)
	at org.testng.SuiteRunner.init(SuiteRunner.java:260)
	at org.testng.SuiteRunner.&lt;init&gt;(SuiteRunner.java:198)
	at org.testng.TestNG.createSuiteRunner(TestNG.java:1295)
	at org.testng.TestNG.createSuiteRunners(TestNG.java:1273)
	at org.testng.TestNG.runSuitesLocally(TestNG.java:1128)
	at org.testng.TestNG.runSuites(TestNG.java:1049)
	at org.testng.TestNG.run(TestNG.java:1017)
	at org.apache.maven.surefire.testng.TestNGExecutor.run(TestNGExecutor.java:77)
	at org.apache.maven.surefire.testng.TestNGDirectoryTestSuite.executeMulti(TestNGDirectoryTestSuite.java:159)
	at org.apache.maven.surefire.testng.TestNGDirectoryTestSuite.execute(TestNGDirectoryTestSuite.java:99)
	at org.apache.maven.surefire.testng.TestNGProvider.invoke(TestNGProvider.java:106)
	at sun.reflect.NativeMethodAccessorImpl.invoke0(Native Method)
	at sun.reflect.NativeMethodAccessorImpl.invoke(Unknown Source)
	at sun.reflect.DelegatingMethodAccessorImpl.invoke(Unknown Source)
	at java.lang.reflect.Method.invoke(Unknown Source)
	at org.apache.maven.surefire.util.ReflectionUtils.invokeMethodWithArray(ReflectionUtils.java:189)
	at org.apache.maven.surefire.booter.ProviderFactory$ProviderProxy.invoke(ProviderFactory.java:165)
	at org.apache.maven.surefire.booter.ProviderFactory.invokeProvider(ProviderFactory.java:85)
	at org.apache.maven.surefire.booter.ForkedBooter.runSuitesInProcess(ForkedBooter.java:115)
	at org.apache.maven.surefire.booter.ForkedBooter.main(ForkedBooter.java:75)
</system-err>
  </testcase>
  <testcase classname="com.adx.qa.tests.DataProviderTest" name="test" time="0">
    <failure type="java.lang.NullPointerException">java.lang.NullPointerException
	at com.adx.qa.base.PageGeneric.initialiaztion(PageGeneric.java:40)
	at com.adx.qa.tests.DataProviderTest.test(DataProviderTest.java:24)
</failure>
  </testcase>
  <testcase classname="com.adx.qa.tests.SearchTest" name="bus" time="0"/>
  <testcase classname="com.adx.qa.tests.SearchTest" name="car2" time="0"/>
</testsuite>