<?xml version="1.0" encoding="UTF-8"?>
<!-- Generated by org.testng.reporters.JUnitXMLReporter -->
<testsuite hostname="L9AGL57" ignored="1" name="FirefoxTest" tests="3" failures="0" timestamp="04 Dec 2018 17:35:31 GMT" time="0.066" errors="0">
  <testcase name="bus_and_car" time="0.024" classname="com.adx.qa.tests.Grouping"/>
  <testcase name="car1" time="0.002" classname="com.adx.qa.tests.Grouping"/>
  <testcase name="car2" time="0.002" classname="com.adx.qa.tests.Grouping"/>
  <testcase name="bus" time="0.0" classname="com.adx.qa.tests.Grouping">
    <ignored/>
  </testcase> <!-- bus -->
</testsuite> <!-- FirefoxTest -->
