<?xml version="1.0" encoding="UTF-8"?>
<!-- Generated by org.testng.reporters.JUnitXMLReporter -->
<testsuite hostname="L9AGL57" ignored="0" name="IETest" tests="4" failures="0" timestamp="24 Dec 2018 06:06:14 GMT" time="126.385" errors="0">
  <testcase name="login" time="95.67" classname="com.adx.qa.pages.CrossBrowserTest"/>
  <testcase name="test1" time="0.001" classname="com.adx.qa.pages.CrossBrowserTest"/>
  <testcase name="test2" time="0.002" classname="com.adx.qa.pages.CrossBrowserTest"/>
  <testcase name="test3" time="0.002" classname="com.adx.qa.pages.CrossBrowserTest"/>
</testsuite> <!-- IETest -->
